<?xml version="1.0" encoding="UTF-8"?>
<testsuite xmlns:xsi="http://www.w3.org/2001/XMLSchema-instance" xsi:noNamespaceSchemaLocation="https://maven.apache.org/surefire/maven-surefire-plugin/xsd/surefire-test-report.xsd" name="TestSuite" time="1.033" tests="4" errors="0" skipped="0" failures="2">
  <properties>
[...]
</properties>
  <testcase name="validarResultadoSumaExitoso" classname="semillero.pruebasUnitarias.OperacionesAritmeticasTest" time="0.048"/>
  <testcase name="validarResultadoSumaFallido" classname="semillero.pruebasUnitarias.OperacionesAritmeticasTest" time="0.067"/>
  <testcase name="comprobarListadoComicsActivos" classname="semillero.pruebasUnitarias.OperacionesComicsTest" time="0.025">
    <failure message="expected:&lt;ACTIVO&gt; but was:&lt;ACTIVO&gt;" type="junit.framework.AssertionFailedError"><![CDATA[junit.framework.AssertionFailedError: expected:<ACTIVO> but was:<ACTIVO>
	at semillero.pruebasUnitarias.OperacionesComicsTest.comprobarListadoComicsActivos(OperacionesComicsTest.java:77)
]]></failure>
    <system-out><![CDATA[25 [main] INFO semillero.pruebasUnitarias.OperacionesComicsTest  - Inicia ejecucion del metodo verificarEstadoComicsActivos()
25 [main] INFO semillero.pruebasUnitarias.OperacionesComicsTest  - Inicia ejecucion del metodo verificarEstadoComicsActivos()
]]></system-out>
  </testcase>
  <testcase name="comprobarListadoComicsInactivos" classname="semillero.pruebasUnitarias.OperacionesComicsTest" time="0.033">
    <failure message="expected:&lt;INACTIVO&gt; but was:&lt;INACTIVO&gt;" type="junit.framework.AssertionFailedError"><![CDATA[junit.framework.AssertionFailedError: expected:<INACTIVO> but was:<INACTIVO>
	at semillero.pruebasUnitarias.OperacionesComicsTest.comprobarListadoComicsInactivos(OperacionesComicsTest.java:127)
]]></failure>
    <system-out><![CDATA[172 [main] INFO semillero.pruebasUnitarias.OperacionesComicsTest  - Inicia ejecucion del metodo verificarEstadoComicsInactivos()
172 [main] INFO semillero.pruebasUnitarias.OperacionesComicsTest  - Inicia ejecucion del metodo verificarEstadoComicsInactivos()
]]></system-out>
  </testcase>
</testsuite>